<?xml version="1.0" encoding="UTF-8"?>
<!-- Generated by org.testng.reporters.JUnitReportReporter -->
<testsuite hostname="DESKTOP-L4CO7MT" failures="0" tests="1" name="com.Sasta.LabTestbySelectingvisitDiagnosticcenterTest" time="109.669" errors="0" timestamp="2020-06-23T15:10:56 IST" skipped="0">
  <testcase classname="com.Sasta.LabTestbySelectingvisitDiagnosticcenterTest" name="remoendedtestBookingTest" time="109.669"/>
</testsuite> <!-- com.Sasta.LabTestbySelectingvisitDiagnosticcenterTest -->
