<?xml version="1.0" encoding="UTF-8"?>
<!-- Generated by org.testng.reporters.JUnitReportReporter -->
<testsuite hostname="DESKTOP-L4CO7MT" failures="0" tests="1" name="com.Sasta.EditDnavitaHealthProfileTest" time="92.967" errors="0" timestamp="2020-07-01T00:09:10 IST" skipped="0">
  <testcase classname="com.Sasta.EditDnavitaHealthProfileTest" name="EditTest" time="92.967"/>
</testsuite> <!-- com.Sasta.EditDnavitaHealthProfileTest -->
