<?xml version="1.0" encoding="UTF-8"?>
<!-- Generated by org.testng.reporters.JUnitReportReporter -->
<testsuite hostname="LAPTOP-N34GTUSU" failures="0" tests="1" name="com.SastaSundar.TestScripts.ShopByCategoryRemoveFromCartByMouseHoverTest" time="27.658" errors="0" timestamp="2020-06-18T20:47:06 IST" skipped="0">
  <testcase classname="com.SastaSundar.TestScripts.ShopByCategoryRemoveFromCartByMouseHoverTest" name="removeFromCartTest" time="27.658"/>
</testsuite> <!-- com.SastaSundar.TestScripts.ShopByCategoryRemoveFromCartByMouseHoverTest -->
