<?xml version="1.0" encoding="UTF-8"?>
<!-- Generated by org.testng.reporters.JUnitReportReporter -->
<testsuite hostname="DESKTOP-L4CO7MT" failures="0" tests="1" name="com.Sasta.MaleBodyDiseaseExtraLabTestBookingTest" time="96.387" errors="0" timestamp="2020-06-23T10:38:03 IST" skipped="0">
  <testcase classname="com.Sasta.MaleBodyDiseaseExtraLabTestBookingTest" name="labBookingTest" time="96.387"/>
</testsuite> <!-- com.Sasta.MaleBodyDiseaseExtraLabTestBookingTest -->
