<?xml version="1.0" encoding="UTF-8"?>
<!-- Generated by org.testng.reporters.JUnitReportReporter -->
<testsuite hostname="LAPTOP-N34GTUSU" failures="0" tests="1" name="com.SastaSundar.TestScripts.OrderMedicine_DeleteMedicineTest" time="19.121" errors="0" timestamp="2020-06-18T20:47:06 IST" skipped="0">
  <testcase classname="com.SastaSundar.TestScripts.OrderMedicine_DeleteMedicineTest" name="deleteMedicineFromCartTest" time="19.121"/>
</testsuite> <!-- com.SastaSundar.TestScripts.OrderMedicine_DeleteMedicineTest -->
