<?xml version="1.0" encoding="UTF-8"?>
<!-- Generated by org.testng.reporters.JUnitReportReporter -->
<testsuite hostname="DESKTOP-L4CO7MT" failures="0" tests="1" name="com.Sasta.FemaleBodydiseaseLabTestBooking" time="71.889" errors="0" timestamp="2020-06-23T11:55:28 IST" skipped="0">
  <testcase classname="com.Sasta.FemaleBodydiseaseLabTestBooking" name="labBookingTest" time="71.889"/>
</testsuite> <!-- com.Sasta.FemaleBodydiseaseLabTestBooking -->
