<?xml version="1.0" encoding="UTF-8"?>
<!-- Generated by org.testng.reporters.JUnitReportReporter -->
<testsuite hostname="DESKTOP-L4CO7MT" failures="0" tests="1" name="com.Sasta.SaveTheproductforLaterBuyTest" time="131.024" errors="0" timestamp="2020-06-23T17:23:44 IST" skipped="0">
  <testcase classname="com.Sasta.SaveTheproductforLaterBuyTest" name="saveProductTest" time="131.024"/>
</testsuite> <!-- com.Sasta.SaveTheproductforLaterBuyTest -->
