<?xml version="1.0" encoding="UTF-8"?>
<!-- Generated by org.testng.reporters.JUnitReportReporter -->
<testsuite hostname="DESKTOP-L4CO7MT" failures="0" tests="1" name="com.Sasta.FemaleBodyDiseaseRecomendedLabTestBookingTest" time="120.733" errors="0" timestamp="2020-06-23T12:57:53 IST" skipped="0">
  <testcase classname="com.Sasta.FemaleBodyDiseaseRecomendedLabTestBookingTest" name="labBookingTest" time="120.733"/>
</testsuite> <!-- com.Sasta.FemaleBodyDiseaseRecomendedLabTestBookingTest -->
