<?xml version="1.0" encoding="UTF-8"?>
<!-- Generated by org.testng.reporters.JUnitReportReporter -->
<testsuite hostname="DESKTOP-L4CO7MT" failures="0" tests="1" name="com.Sasta.MaleBodyDiseaseLabTestBookingTest" time="92.176" errors="0" timestamp="2020-06-23T03:12:27 IST" skipped="0">
  <testcase classname="com.Sasta.MaleBodyDiseaseLabTestBookingTest" name="labBookingTest" time="92.176"/>
</testsuite> <!-- com.Sasta.MaleBodyDiseaseLabTestBookingTest -->
