<?xml version="1.0" encoding="UTF-8"?>
<!-- Generated by org.testng.reporters.JUnitReportReporter -->
<testsuite hostname="DESKTOP-L4CO7MT" failures="0" tests="1" name="com.Sasta.AddingProductToCartTest" time="138.437" errors="0" timestamp="2020-06-23T16:00:24 IST" skipped="0">
  <testcase classname="com.Sasta.AddingProductToCartTest" name="addProducttoCartTest" time="138.437"/>
</testsuite> <!-- com.Sasta.AddingProductToCartTest -->
