<?xml version="1.0" encoding="UTF-8"?>
<!-- Generated by org.testng.reporters.JUnitReportReporter -->
<testsuite hostname="LAPTOP-N34GTUSU" failures="0" tests="1" name="com.SastaSundar.TestScripts.ShopByCategoryRemoveFromCartTest" time="28.918" errors="0" timestamp="2020-06-18T20:47:06 IST" skipped="0">
  <testcase classname="com.SastaSundar.TestScripts.ShopByCategoryRemoveFromCartTest" name="AddProductToCartTest" time="28.918"/>
</testsuite> <!-- com.SastaSundar.TestScripts.ShopByCategoryRemoveFromCartTest -->
