<?xml version="1.0" encoding="UTF-8"?>
<!-- Generated by org.testng.reporters.JUnitReportReporter -->
<testsuite hostname="DESKTOP-L4CO7MT" failures="0" tests="1" name="com.Sasta.MaleBodySymptomCheckingTest" time="143.926" errors="0" timestamp="2020-06-24T12:54:20 IST" skipped="0">
  <testcase classname="com.Sasta.MaleBodySymptomCheckingTest" name="symptomVisibleTest" time="143.926"/>
</testsuite> <!-- com.Sasta.MaleBodySymptomCheckingTest -->
