<?xml version="1.0" encoding="UTF-8"?>
<!-- Generated by org.testng.reporters.JUnitReportReporter -->
<testsuite hostname="DESKTOP-L4CO7MT" failures="0" tests="1" name="com.Sasta.MaleBodySymptomArticleDownloadTest" time="66.415" errors="0" timestamp="2020-06-23T01:39:51 IST" skipped="0">
  <testcase classname="com.Sasta.MaleBodySymptomArticleDownloadTest" name="ArticleDownloadTest" time="66.415"/>
</testsuite> <!-- com.Sasta.MaleBodySymptomArticleDownloadTest -->
