<?xml version="1.0" encoding="UTF-8"?>
<!-- Generated by org.testng.reporters.JUnitReportReporter -->
<testsuite hostname="DESKTOP-L4CO7MT" failures="0" tests="1" name="com.Sasta.ShareDnavitaHealthProfileTest" time="86.730" errors="0" timestamp="2020-07-01T01:08:09 IST" skipped="0">
  <testcase classname="com.Sasta.ShareDnavitaHealthProfileTest" name="EditTest" time="86.730"/>
</testsuite> <!-- com.Sasta.ShareDnavitaHealthProfileTest -->
