<?xml version="1.0" encoding="UTF-8"?>
<!-- Generated by org.testng.reporters.JUnitReportReporter -->
<testsuite hostname="DESKTOP-L4CO7MT" failures="0" tests="1" name="com.Sasta.RemoveProductFromCart" time="100.529" errors="0" timestamp="2020-06-23T17:26:15 IST" skipped="0">
  <testcase classname="com.Sasta.RemoveProductFromCart" name="saveProductTest" time="100.529"/>
</testsuite> <!-- com.Sasta.RemoveProductFromCart -->
