<?xml version="1.0" encoding="UTF-8"?>
<!-- Generated by org.testng.reporters.JUnitReportReporter -->
<testsuite hostname="LAPTOP-N34GTUSU" failures="0" tests="1" name="com.SastaSundar.TestScripts.SymptomsChekerInternalOrgansMaleDeleteLTTest" time="38.165" errors="0" timestamp="2020-06-18T20:47:06 IST" skipped="0">
  <testcase classname="com.SastaSundar.TestScripts.SymptomsChekerInternalOrgansMaleDeleteLTTest" name="internalOrgansMaleLabtestTest" time="38.165"/>
</testsuite> <!-- com.SastaSundar.TestScripts.SymptomsChekerInternalOrgansMaleDeleteLTTest -->
