<?xml version="1.0" encoding="UTF-8"?>
<!-- Generated by org.testng.reporters.JUnitReportReporter -->
<testsuite hostname="DESKTOP-L4CO7MT" failures="0" tests="1" name="com.Sasta.SampleReportDispayedTest" time="61.825" errors="0" timestamp="2020-06-23T12:26:38 IST" skipped="0">
  <testcase classname="com.Sasta.SampleReportDispayedTest" name="reportDisplyTest" time="61.825"/>
</testsuite> <!-- com.Sasta.SampleReportDispayedTest -->
