<?xml version="1.0" encoding="UTF-8"?>
<!-- Generated by org.testng.reporters.JUnitReportReporter -->
<testsuite hostname="LAPTOP-N34GTUSU" failures="0" tests="1" name="com.SastaSundar.TestScripts.SymptomsChekerBodyPartTest" time="34.749" errors="0" timestamp="2020-06-17T12:30:54 IST" skipped="0">
  <testcase classname="com.SastaSundar.TestScripts.SymptomsChekerBodyPartTest" name="bodyPartTest" time="34.749"/>
</testsuite> <!-- com.SastaSundar.TestScripts.SymptomsChekerBodyPartTest -->
